[35m[1mConsolidate compiler generated dependencies of target stereo[0m
[35m[1mConsolidate compiler generated dependencies of target rgbd[0m
[35m[1mConsolidate compiler generated dependencies of target mono[0m
[35m[1mConsolidate compiler generated dependencies of target stereo-inertial[0m
[  8%] [32mBuilding CXX object CMakeFiles/mono.dir/src/monocular/mono.cpp.o[0m
[ 33%] Built target stereo-inertial
[ 83%] Built target stereo
[ 83%] Built target rgbd
[ 91%] [32m[1mLinking CXX executable mono[0m
[100%] Built target mono
-- Install configuration: ""
-- Installing: /home/torben/Dev/orbslam_ros/install/orbslam3/lib/orbslam3/mono
-- Set runtime path of "/home/torben/Dev/orbslam_ros/install/orbslam3/lib/orbslam3/mono" to ""
-- Up-to-date: /home/torben/Dev/orbslam_ros/install/orbslam3/lib/orbslam3/rgbd
-- Up-to-date: /home/torben/Dev/orbslam_ros/install/orbslam3/lib/orbslam3/stereo
-- Up-to-date: /home/torben/Dev/orbslam_ros/install/orbslam3/lib/orbslam3/stereo-inertial
-- Up-to-date: /home/torben/Dev/orbslam_ros/install/orbslam3/share/ament_index/resource_index/package_run_dependencies/orbslam3
-- Up-to-date: /home/torben/Dev/orbslam_ros/install/orbslam3/share/ament_index/resource_index/parent_prefix_path/orbslam3
-- Up-to-date: /home/torben/Dev/orbslam_ros/install/orbslam3/share/orbslam3/environment/ament_prefix_path.sh
-- Up-to-date: /home/torben/Dev/orbslam_ros/install/orbslam3/share/orbslam3/environment/ament_prefix_path.dsv
-- Up-to-date: /home/torben/Dev/orbslam_ros/install/orbslam3/share/orbslam3/environment/path.sh
-- Up-to-date: /home/torben/Dev/orbslam_ros/install/orbslam3/share/orbslam3/environment/path.dsv
-- Up-to-date: /home/torben/Dev/orbslam_ros/install/orbslam3/share/orbslam3/local_setup.bash
-- Up-to-date: /home/torben/Dev/orbslam_ros/install/orbslam3/share/orbslam3/local_setup.sh
-- Up-to-date: /home/torben/Dev/orbslam_ros/install/orbslam3/share/orbslam3/local_setup.zsh
-- Up-to-date: /home/torben/Dev/orbslam_ros/install/orbslam3/share/orbslam3/local_setup.dsv
-- Installing: /home/torben/Dev/orbslam_ros/install/orbslam3/share/orbslam3/package.dsv
-- Up-to-date: /home/torben/Dev/orbslam_ros/install/orbslam3/share/ament_index/resource_index/packages/orbslam3
-- Up-to-date: /home/torben/Dev/orbslam_ros/install/orbslam3/share/orbslam3/cmake/orbslam3Config.cmake
-- Up-to-date: /home/torben/Dev/orbslam_ros/install/orbslam3/share/orbslam3/cmake/orbslam3Config-version.cmake
-- Up-to-date: /home/torben/Dev/orbslam_ros/install/orbslam3/share/orbslam3/package.xml
