[0.072s] DEBUG:colcon:Command line arguments: ['/usr/bin/colcon', 'build', '--symlink-install', '--packages-select', 'orbslam3']
[0.072s] DEBUG:colcon:Parsed command line arguments: Namespace(log_base=None, log_level=None, verb_name='build', build_base='build', install_base='install', merge_install=False, symlink_install=True, test_result_base=None, continue_on_error=False, executor='parallel', parallel_workers=12, event_handlers=None, ignore_user_meta=False, metas=['./colcon.meta'], base_paths=['.'], packages_ignore=None, packages_ignore_regex=None, paths=None, packages_up_to=None, packages_up_to_regex=None, packages_above=None, packages_above_and_dependencies=None, packages_above_depth=None, packages_select_by_dep=None, packages_skip_by_dep=None, packages_skip_up_to=None, packages_select_build_failed=False, packages_skip_build_finished=False, packages_select_test_failures=False, packages_skip_test_passed=False, packages_select=['orbslam3'], packages_skip=None, packages_select_regex=None, packages_skip_regex=None, packages_start=None, packages_end=None, allow_overriding=[], cmake_args=None, cmake_target=None, cmake_target_skip_unavailable=False, cmake_clean_cache=False, cmake_clean_first=False, cmake_force_configure=False, ament_cmake_args=None, catkin_cmake_args=None, catkin_skip_building_tests=False, mixin_files=None, mixin=None, verb_parser=<colcon_mixin.mixin.mixin_argument.MixinArgumentDecorator object at 0x767f46306e30>, verb_extension=<colcon_core.verb.build.BuildVerb object at 0x767f463068c0>, main=<bound method BuildVerb.main of <colcon_core.verb.build.BuildVerb object at 0x767f463068c0>>, mixin_verb=('build',))
[0.178s] Level 1:colcon.colcon_core.package_discovery:discover_packages(colcon_meta) check parameters
[0.178s] Level 1:colcon.colcon_core.package_discovery:discover_packages(recursive) check parameters
[0.178s] Level 1:colcon.colcon_core.package_discovery:discover_packages(ignore) check parameters
[0.178s] Level 1:colcon.colcon_core.package_discovery:discover_packages(path) check parameters
[0.178s] Level 1:colcon.colcon_core.package_discovery:discover_packages(colcon_meta) discover
[0.178s] Level 1:colcon.colcon_core.package_discovery:discover_packages(recursive) discover
[0.178s] INFO:colcon.colcon_core.package_discovery:Crawling recursively for packages in '/home/torben/Dev/orbslam_ros'
[0.178s] Level 1:colcon.colcon_core.package_identification:_identify(.) by extensions ['ignore', 'ignore_ament_install']
[0.178s] Level 1:colcon.colcon_core.package_identification:_identify(.) by extension 'ignore'
[0.178s] Level 1:colcon.colcon_core.package_identification:_identify(.) by extension 'ignore_ament_install'
[0.178s] Level 1:colcon.colcon_core.package_identification:_identify(.) by extensions ['colcon_pkg']
[0.178s] Level 1:colcon.colcon_core.package_identification:_identify(.) by extension 'colcon_pkg'
[0.178s] Level 1:colcon.colcon_core.package_identification:_identify(.) by extensions ['colcon_meta']
[0.178s] Level 1:colcon.colcon_core.package_identification:_identify(.) by extension 'colcon_meta'
[0.178s] Level 1:colcon.colcon_core.package_identification:_identify(.) by extensions ['ros']
[0.178s] Level 1:colcon.colcon_core.package_identification:_identify(.) by extension 'ros'
[0.185s] Level 1:colcon.colcon_core.package_identification:_identify(.) by extensions ['cmake', 'python']
[0.185s] Level 1:colcon.colcon_core.package_identification:_identify(.) by extension 'cmake'
[0.185s] Level 1:colcon.colcon_core.package_identification:_identify(.) by extension 'python'
[0.185s] Level 1:colcon.colcon_core.package_identification:_identify(.) by extensions ['python_setup_py']
[0.185s] Level 1:colcon.colcon_core.package_identification:_identify(.) by extension 'python_setup_py'
[0.185s] Level 1:colcon.colcon_core.package_identification:_identify(build) by extensions ['ignore', 'ignore_ament_install']
[0.186s] Level 1:colcon.colcon_core.package_identification:_identify(build) by extension 'ignore'
[0.186s] Level 1:colcon.colcon_core.package_identification:_identify(build) ignored
[0.186s] Level 1:colcon.colcon_core.package_identification:_identify(install) by extensions ['ignore', 'ignore_ament_install']
[0.186s] Level 1:colcon.colcon_core.package_identification:_identify(install) by extension 'ignore'
[0.186s] Level 1:colcon.colcon_core.package_identification:_identify(install) ignored
[0.186s] Level 1:colcon.colcon_core.package_identification:_identify(log) by extensions ['ignore', 'ignore_ament_install']
[0.186s] Level 1:colcon.colcon_core.package_identification:_identify(log) by extension 'ignore'
[0.186s] Level 1:colcon.colcon_core.package_identification:_identify(log) ignored
[0.186s] Level 1:colcon.colcon_core.package_identification:_identify(src) by extensions ['ignore', 'ignore_ament_install']
[0.186s] Level 1:colcon.colcon_core.package_identification:_identify(src) by extension 'ignore'
[0.186s] Level 1:colcon.colcon_core.package_identification:_identify(src) by extension 'ignore_ament_install'
[0.186s] Level 1:colcon.colcon_core.package_identification:_identify(src) by extensions ['colcon_pkg']
[0.186s] Level 1:colcon.colcon_core.package_identification:_identify(src) by extension 'colcon_pkg'
[0.186s] Level 1:colcon.colcon_core.package_identification:_identify(src) by extensions ['colcon_meta']
[0.186s] Level 1:colcon.colcon_core.package_identification:_identify(src) by extension 'colcon_meta'
[0.186s] Level 1:colcon.colcon_core.package_identification:_identify(src) by extensions ['ros']
[0.186s] Level 1:colcon.colcon_core.package_identification:_identify(src) by extension 'ros'
[0.186s] Level 1:colcon.colcon_core.package_identification:_identify(src) by extensions ['cmake', 'python']
[0.186s] Level 1:colcon.colcon_core.package_identification:_identify(src) by extension 'cmake'
[0.186s] Level 1:colcon.colcon_core.package_identification:_identify(src) by extension 'python'
[0.186s] Level 1:colcon.colcon_core.package_identification:_identify(src) by extensions ['python_setup_py']
[0.186s] Level 1:colcon.colcon_core.package_identification:_identify(src) by extension 'python_setup_py'
[0.186s] Level 1:colcon.colcon_core.package_identification:_identify(src/orbslam3_ros2) by extensions ['ignore', 'ignore_ament_install']
[0.186s] Level 1:colcon.colcon_core.package_identification:_identify(src/orbslam3_ros2) by extension 'ignore'
[0.186s] Level 1:colcon.colcon_core.package_identification:_identify(src/orbslam3_ros2) by extension 'ignore_ament_install'
[0.186s] Level 1:colcon.colcon_core.package_identification:_identify(src/orbslam3_ros2) by extensions ['colcon_pkg']
[0.187s] Level 1:colcon.colcon_core.package_identification:_identify(src/orbslam3_ros2) by extension 'colcon_pkg'
[0.187s] Level 1:colcon.colcon_core.package_identification:_identify(src/orbslam3_ros2) by extensions ['colcon_meta']
[0.187s] Level 1:colcon.colcon_core.package_identification:_identify(src/orbslam3_ros2) by extension 'colcon_meta'
[0.187s] Level 1:colcon.colcon_core.package_identification:_identify(src/orbslam3_ros2) by extensions ['ros']
[0.187s] Level 1:colcon.colcon_core.package_identification:_identify(src/orbslam3_ros2) by extension 'ros'
[0.188s] DEBUG:colcon.colcon_core.package_identification:Package 'src/orbslam3_ros2' with type 'ros.ament_cmake' and name 'orbslam3'
[0.188s] Level 1:colcon.colcon_core.package_discovery:discover_packages(recursive) using defaults
[0.188s] Level 1:colcon.colcon_core.package_discovery:discover_packages(ignore) discover
[0.188s] Level 1:colcon.colcon_core.package_discovery:discover_packages(ignore) using defaults
[0.188s] Level 1:colcon.colcon_core.package_discovery:discover_packages(path) discover
[0.188s] Level 1:colcon.colcon_core.package_discovery:discover_packages(path) using defaults
[0.211s] Level 1:colcon.colcon_core.package_discovery:discover_packages(prefix_path) check parameters
[0.211s] Level 1:colcon.colcon_core.package_discovery:discover_packages(prefix_path) discover
[0.212s] DEBUG:colcon.colcon_installed_package_information.package_discovery:Found 1 installed packages in /home/torben/Dev/orbslam_ros/install
[0.213s] DEBUG:colcon.colcon_installed_package_information.package_discovery:Found 357 installed packages in /opt/ros/humble
[0.214s] Level 1:colcon.colcon_core.package_discovery:discover_packages(prefix_path) using defaults
[0.241s] Level 5:colcon.colcon_core.verb:set package 'orbslam3' build argument 'cmake_args' from command line to 'None'
[0.241s] Level 5:colcon.colcon_core.verb:set package 'orbslam3' build argument 'cmake_target' from command line to 'None'
[0.241s] Level 5:colcon.colcon_core.verb:set package 'orbslam3' build argument 'cmake_target_skip_unavailable' from command line to 'False'
[0.241s] Level 5:colcon.colcon_core.verb:set package 'orbslam3' build argument 'cmake_clean_cache' from command line to 'False'
[0.241s] Level 5:colcon.colcon_core.verb:set package 'orbslam3' build argument 'cmake_clean_first' from command line to 'False'
[0.241s] Level 5:colcon.colcon_core.verb:set package 'orbslam3' build argument 'cmake_force_configure' from command line to 'False'
[0.241s] Level 5:colcon.colcon_core.verb:set package 'orbslam3' build argument 'ament_cmake_args' from command line to 'None'
[0.241s] Level 5:colcon.colcon_core.verb:set package 'orbslam3' build argument 'catkin_cmake_args' from command line to 'None'
[0.241s] Level 5:colcon.colcon_core.verb:set package 'orbslam3' build argument 'catkin_skip_building_tests' from command line to 'False'
[0.241s] DEBUG:colcon.colcon_core.verb:Building package 'orbslam3' with the following arguments: {'ament_cmake_args': None, 'build_base': '/home/torben/Dev/orbslam_ros/build/orbslam3', 'catkin_cmake_args': None, 'catkin_skip_building_tests': False, 'cmake_args': None, 'cmake_clean_cache': False, 'cmake_clean_first': False, 'cmake_force_configure': False, 'cmake_target': None, 'cmake_target_skip_unavailable': False, 'install_base': '/home/torben/Dev/orbslam_ros/install/orbslam3', 'merge_install': False, 'path': '/home/torben/Dev/orbslam_ros/src/orbslam3_ros2', 'symlink_install': True, 'test_result_base': None}
[0.241s] INFO:colcon.colcon_core.executor:Executing jobs using 'parallel' executor
[0.242s] DEBUG:colcon.colcon_parallel_executor.executor.parallel:run_until_complete
[0.242s] INFO:colcon.colcon_ros.task.ament_cmake.build:Building ROS package in '/home/torben/Dev/orbslam_ros/src/orbslam3_ros2' with build type 'ament_cmake'
[0.243s] INFO:colcon.colcon_cmake.task.cmake.build:Building CMake package in '/home/torben/Dev/orbslam_ros/src/orbslam3_ros2'
[0.244s] INFO:colcon.colcon_core.plugin_system:Skipping extension 'colcon_core.shell.bat': Not used on non-Windows systems
[0.244s] INFO:colcon.colcon_core.shell:Skip shell extension 'powershell' for command environment: Not usable outside of PowerShell
[0.244s] DEBUG:colcon.colcon_core.shell:Skip shell extension 'dsv' for command environment
[0.252s] DEBUG:colcon.colcon_core.event_handler.log_command:Invoking command in '/home/torben/Dev/orbslam_ros/build/orbslam3': CMAKE_PREFIX_PATH=${CMAKE_PREFIX_PATH}:/opt/ros/humble /usr/bin/cmake --build /home/torben/Dev/orbslam_ros/build/orbslam3 -- -j12 -l12
[34.442s] DEBUG:colcon.colcon_core.event_handler.log_command:Invoked command in '/home/torben/Dev/orbslam_ros/build/orbslam3' returned '0': CMAKE_PREFIX_PATH=${CMAKE_PREFIX_PATH}:/opt/ros/humble /usr/bin/cmake --build /home/torben/Dev/orbslam_ros/build/orbslam3 -- -j12 -l12
[34.497s] DEBUG:colcon.colcon_core.event_handler.log_command:Invoking command in '/home/torben/Dev/orbslam_ros/build/orbslam3': CMAKE_PREFIX_PATH=${CMAKE_PREFIX_PATH}:/opt/ros/humble /usr/bin/cmake --install /home/torben/Dev/orbslam_ros/build/orbslam3
[34.516s] Level 1:colcon.colcon_core.environment:create_environment_scripts_only(orbslam3)
[34.517s] DEBUG:colcon.colcon_core.event_handler.log_command:Invoked command in '/home/torben/Dev/orbslam_ros/build/orbslam3' returned '0': CMAKE_PREFIX_PATH=${CMAKE_PREFIX_PATH}:/opt/ros/humble /usr/bin/cmake --install /home/torben/Dev/orbslam_ros/build/orbslam3
[34.520s] Level 1:colcon.colcon_core.environment:checking '/home/torben/Dev/orbslam_ros/install/orbslam3' for CMake module files
[34.521s] Level 1:colcon.colcon_core.environment:checking '/home/torben/Dev/orbslam_ros/install/orbslam3' for CMake config files
[34.522s] Level 1:colcon.colcon_core.shell:create_environment_hook('orbslam3', 'cmake_prefix_path')
[34.522s] INFO:colcon.colcon_core.shell:Creating environment hook '/home/torben/Dev/orbslam_ros/install/orbslam3/share/orbslam3/hook/cmake_prefix_path.ps1'
[34.523s] INFO:colcon.colcon_core.shell:Creating environment descriptor '/home/torben/Dev/orbslam_ros/install/orbslam3/share/orbslam3/hook/cmake_prefix_path.dsv'
[34.524s] INFO:colcon.colcon_core.shell:Creating environment hook '/home/torben/Dev/orbslam_ros/install/orbslam3/share/orbslam3/hook/cmake_prefix_path.sh'
[34.525s] Level 1:colcon.colcon_core.environment:checking '/home/torben/Dev/orbslam_ros/install/orbslam3/lib'
[34.526s] Level 1:colcon.colcon_core.environment:checking '/home/torben/Dev/orbslam_ros/install/orbslam3/bin'
[34.526s] Level 1:colcon.colcon_core.environment:checking '/home/torben/Dev/orbslam_ros/install/orbslam3/lib/pkgconfig/orbslam3.pc'
[34.526s] Level 1:colcon.colcon_core.environment:checking '/home/torben/Dev/orbslam_ros/install/orbslam3/lib/python3.10/site-packages'
[34.526s] Level 1:colcon.colcon_core.environment:checking '/home/torben/Dev/orbslam_ros/install/orbslam3/bin'
[34.527s] INFO:colcon.colcon_core.shell:Creating package script '/home/torben/Dev/orbslam_ros/install/orbslam3/share/orbslam3/package.ps1'
[34.528s] INFO:colcon.colcon_core.shell:Creating package descriptor '/home/torben/Dev/orbslam_ros/install/orbslam3/share/orbslam3/package.dsv'
[34.529s] INFO:colcon.colcon_core.shell:Creating package script '/home/torben/Dev/orbslam_ros/install/orbslam3/share/orbslam3/package.sh'
[34.530s] INFO:colcon.colcon_core.shell:Creating package script '/home/torben/Dev/orbslam_ros/install/orbslam3/share/orbslam3/package.bash'
[34.531s] INFO:colcon.colcon_core.shell:Creating package script '/home/torben/Dev/orbslam_ros/install/orbslam3/share/orbslam3/package.zsh'
[34.532s] Level 1:colcon.colcon_core.environment:create_file_with_runtime_dependencies(/home/torben/Dev/orbslam_ros/install/orbslam3/share/colcon-core/packages/orbslam3)
[34.579s] Level 1:colcon.colcon_core.environment:create_environment_scripts_only(orbslam3)
[34.579s] Level 1:colcon.colcon_core.environment:checking '/home/torben/Dev/orbslam_ros/install/orbslam3' for CMake module files
[34.580s] Level 1:colcon.colcon_core.environment:checking '/home/torben/Dev/orbslam_ros/install/orbslam3' for CMake config files
[34.581s] Level 1:colcon.colcon_core.shell:create_environment_hook('orbslam3', 'cmake_prefix_path')
[34.581s] INFO:colcon.colcon_core.shell:Creating environment hook '/home/torben/Dev/orbslam_ros/install/orbslam3/share/orbslam3/hook/cmake_prefix_path.ps1'
[34.584s] INFO:colcon.colcon_core.shell:Creating environment descriptor '/home/torben/Dev/orbslam_ros/install/orbslam3/share/orbslam3/hook/cmake_prefix_path.dsv'
[34.586s] INFO:colcon.colcon_core.shell:Creating environment hook '/home/torben/Dev/orbslam_ros/install/orbslam3/share/orbslam3/hook/cmake_prefix_path.sh'
[34.589s] Level 1:colcon.colcon_core.environment:checking '/home/torben/Dev/orbslam_ros/install/orbslam3/lib'
[34.589s] Level 1:colcon.colcon_core.environment:checking '/home/torben/Dev/orbslam_ros/install/orbslam3/bin'
[34.589s] Level 1:colcon.colcon_core.environment:checking '/home/torben/Dev/orbslam_ros/install/orbslam3/lib/pkgconfig/orbslam3.pc'
[34.590s] Level 1:colcon.colcon_core.environment:checking '/home/torben/Dev/orbslam_ros/install/orbslam3/lib/python3.10/site-packages'
[34.590s] Level 1:colcon.colcon_core.environment:checking '/home/torben/Dev/orbslam_ros/install/orbslam3/bin'
[34.591s] INFO:colcon.colcon_core.shell:Creating package script '/home/torben/Dev/orbslam_ros/install/orbslam3/share/orbslam3/package.ps1'
[34.594s] INFO:colcon.colcon_core.shell:Creating package descriptor '/home/torben/Dev/orbslam_ros/install/orbslam3/share/orbslam3/package.dsv'
[34.597s] INFO:colcon.colcon_core.shell:Creating package script '/home/torben/Dev/orbslam_ros/install/orbslam3/share/orbslam3/package.sh'
[34.599s] INFO:colcon.colcon_core.shell:Creating package script '/home/torben/Dev/orbslam_ros/install/orbslam3/share/orbslam3/package.bash'
[34.602s] INFO:colcon.colcon_core.shell:Creating package script '/home/torben/Dev/orbslam_ros/install/orbslam3/share/orbslam3/package.zsh'
[34.605s] Level 1:colcon.colcon_core.environment:create_file_with_runtime_dependencies(/home/torben/Dev/orbslam_ros/install/orbslam3/share/colcon-core/packages/orbslam3)
[34.608s] DEBUG:colcon.colcon_parallel_executor.executor.parallel:closing loop
[34.609s] DEBUG:colcon.colcon_parallel_executor.executor.parallel:loop closed
[34.609s] DEBUG:colcon.colcon_parallel_executor.executor.parallel:run_until_complete finished with '0'
[34.609s] DEBUG:colcon.colcon_core.event_reactor:joining thread
[34.616s] INFO:colcon.colcon_core.plugin_system:Skipping extension 'colcon_notification.desktop_notification.terminal_notifier': Not used on non-Darwin systems
[34.616s] INFO:colcon.colcon_core.plugin_system:Skipping extension 'colcon_notification.desktop_notification.win32': Not used on non-Windows systems
[34.616s] INFO:colcon.colcon_notification.desktop_notification:Sending desktop notification using 'notify2'
[34.634s] DEBUG:colcon.colcon_core.event_reactor:joined thread
[34.634s] INFO:colcon.colcon_core.shell:Creating prefix script '/home/torben/Dev/orbslam_ros/install/local_setup.ps1'
[34.636s] INFO:colcon.colcon_core.shell:Creating prefix util module '/home/torben/Dev/orbslam_ros/install/_local_setup_util_ps1.py'
[34.638s] INFO:colcon.colcon_core.shell:Creating prefix chain script '/home/torben/Dev/orbslam_ros/install/setup.ps1'
[34.640s] INFO:colcon.colcon_core.shell:Creating prefix script '/home/torben/Dev/orbslam_ros/install/local_setup.sh'
[34.641s] INFO:colcon.colcon_core.shell:Creating prefix util module '/home/torben/Dev/orbslam_ros/install/_local_setup_util_sh.py'
[34.641s] INFO:colcon.colcon_core.shell:Creating prefix chain script '/home/torben/Dev/orbslam_ros/install/setup.sh'
[34.643s] INFO:colcon.colcon_core.shell:Creating prefix script '/home/torben/Dev/orbslam_ros/install/local_setup.bash'
[34.644s] INFO:colcon.colcon_core.shell:Creating prefix chain script '/home/torben/Dev/orbslam_ros/install/setup.bash'
[34.645s] INFO:colcon.colcon_core.shell:Creating prefix script '/home/torben/Dev/orbslam_ros/install/local_setup.zsh'
[34.646s] INFO:colcon.colcon_core.shell:Creating prefix chain script '/home/torben/Dev/orbslam_ros/install/setup.zsh'
