[0.012s] Invoking command in '/home/torben/Dev/orbslam_ros/build/orbslam3': CMAKE_PREFIX_PATH=${CMAKE_PREFIX_PATH}:/opt/ros/humble /usr/bin/cmake --build /home/torben/Dev/orbslam_ros/build/orbslam3 -- -j12 -l12
[0.054s] [35m[1mConsolidate compiler generated dependencies of target stereo-inertial[0m
[0.060s] [ 25%] Built target mono
[0.062s] [ 50%] Built target rgbd
[0.070s] [ 75%] Built target stereo
[0.084s] [100%] Built target stereo-inertial
[0.091s] Invoked command in '/home/torben/Dev/orbslam_ros/build/orbslam3' returned '0': CMAKE_PREFIX_PATH=${CMAKE_PREFIX_PATH}:/opt/ros/humble /usr/bin/cmake --build /home/torben/Dev/orbslam_ros/build/orbslam3 -- -j12 -l12
[0.131s] Invoking command in '/home/torben/Dev/orbslam_ros/build/orbslam3': CMAKE_PREFIX_PATH=${CMAKE_PREFIX_PATH}:/opt/ros/humble /usr/bin/cmake --install /home/torben/Dev/orbslam_ros/build/orbslam3
[0.136s] -- Install configuration: ""
[0.136s] -- Execute custom install script
[0.136s] -- Up-to-date symlink: /home/torben/Dev/orbslam_ros/install/orbslam3/lib/orbslam3/mono
[0.136s] -- Up-to-date symlink: /home/torben/Dev/orbslam_ros/install/orbslam3/lib/orbslam3/rgbd
[0.136s] -- Up-to-date symlink: /home/torben/Dev/orbslam_ros/install/orbslam3/lib/orbslam3/stereo
[0.136s] -- Up-to-date symlink: /home/torben/Dev/orbslam_ros/install/orbslam3/lib/orbslam3/stereo-inertial
[0.136s] -- Up-to-date symlink: /home/torben/Dev/orbslam_ros/install/orbslam3/share/ament_index/resource_index/package_run_dependencies/orbslam3
[0.136s] -- Up-to-date symlink: /home/torben/Dev/orbslam_ros/install/orbslam3/share/ament_index/resource_index/parent_prefix_path/orbslam3
[0.137s] -- Up-to-date symlink: /home/torben/Dev/orbslam_ros/install/orbslam3/share/orbslam3/environment/ament_prefix_path.sh
[0.137s] -- Up-to-date symlink: /home/torben/Dev/orbslam_ros/install/orbslam3/share/orbslam3/environment/ament_prefix_path.dsv
[0.137s] -- Up-to-date symlink: /home/torben/Dev/orbslam_ros/install/orbslam3/share/orbslam3/environment/path.sh
[0.137s] -- Up-to-date symlink: /home/torben/Dev/orbslam_ros/install/orbslam3/share/orbslam3/environment/path.dsv
[0.137s] -- Up-to-date symlink: /home/torben/Dev/orbslam_ros/install/orbslam3/share/orbslam3/local_setup.bash
[0.137s] -- Up-to-date symlink: /home/torben/Dev/orbslam_ros/install/orbslam3/share/orbslam3/local_setup.sh
[0.137s] -- Up-to-date symlink: /home/torben/Dev/orbslam_ros/install/orbslam3/share/orbslam3/local_setup.zsh
[0.137s] -- Up-to-date symlink: /home/torben/Dev/orbslam_ros/install/orbslam3/share/orbslam3/local_setup.dsv
[0.137s] -- Symlinking: /home/torben/Dev/orbslam_ros/install/orbslam3/share/orbslam3/package.dsv
[0.145s] -- Up-to-date symlink: /home/torben/Dev/orbslam_ros/install/orbslam3/share/ament_index/resource_index/packages/orbslam3
[0.145s] -- Up-to-date symlink: /home/torben/Dev/orbslam_ros/install/orbslam3/share/orbslam3/cmake/orbslam3Config.cmake
[0.145s] -- Up-to-date symlink: /home/torben/Dev/orbslam_ros/install/orbslam3/share/orbslam3/cmake/orbslam3Config-version.cmake
[0.145s] -- Up-to-date symlink: /home/torben/Dev/orbslam_ros/install/orbslam3/share/orbslam3/package.xml
[0.147s] Invoked command in '/home/torben/Dev/orbslam_ros/build/orbslam3' returned '0': CMAKE_PREFIX_PATH=${CMAKE_PREFIX_PATH}:/opt/ros/humble /usr/bin/cmake --install /home/torben/Dev/orbslam_ros/build/orbslam3
