[0.041s] Invoking command in '/home/torben/Dev/orbslam_ros/build/orbslam3': CMAKE_PREFIX_PATH=${CMAKE_PREFIX_PATH}:/opt/ros/humble /usr/bin/cmake /home/torben/Dev/orbslam_ros/src/orbslam3_ros2 -DCMAKE_BUILD_TYPE=RelWithDebInfo -DAMENT_CMAKE_SYMLINK_INSTALL=1 -DCMAKE_INSTALL_PREFIX=/home/torben/Dev/orbslam_ros/install/orbslam3
[0.138s] -- Found ament_cmake: 1.3.8 (/opt/ros/humble/share/ament_cmake/cmake)
[0.842s] -- Override CMake install command with custom implementation using symlinks instead of copying resources
[0.909s] -- Found rclcpp: 16.0.8 (/opt/ros/humble/share/rclcpp/cmake)
[1.071s] -- Found rosidl_generator_c: 3.1.5 (/opt/ros/humble/share/rosidl_generator_c/cmake)
[1.083s] -- Found rosidl_adapter: 3.1.5 (/opt/ros/humble/share/rosidl_adapter/cmake)
[1.114s] -- Found rosidl_generator_cpp: 3.1.5 (/opt/ros/humble/share/rosidl_generator_cpp/cmake)
[1.167s] -- Using all available rosidl_typesupport_c: rosidl_typesupport_fastrtps_c;rosidl_typesupport_introspection_c
[1.226s] -- Using all available rosidl_typesupport_cpp: rosidl_typesupport_fastrtps_cpp;rosidl_typesupport_introspection_cpp
[1.480s] -- Found rmw_implementation_cmake: 6.1.1 (/opt/ros/humble/share/rmw_implementation_cmake/cmake)
[1.528s] -- Found rmw_fastrtps_cpp: 6.2.6 (/opt/ros/humble/share/rmw_fastrtps_cpp/cmake)
[1.925s] -- Using RMW implementation 'rmw_fastrtps_cpp' as default
[2.511s] -- Found sensor_msgs: 4.2.3 (/opt/ros/humble/share/sensor_msgs/cmake)
[3.074s] -- FLANN found (include: /usr/include, lib: /usr/lib/x86_64-linux-gnu/libflann_cpp.so)
[4.400s] -- OpenNI found (version: 1.5.4.0, include: /usr/include/ni, lib: /usr/lib/libOpenNI.so;libusb::libusb)
[4.415s] -- OpenNI2 found (version: 2.2.0.33, include: /usr/include/openni2, lib: /usr/lib/x86_64-linux-gnu/libOpenNI2.so;libusb::libusb)
[4.415s] [0m** WARNING ** io features related to pcap will be disabled[0m
[4.905s] -- OpenNI found (version: 1.5.4.0, include: /usr/include/ni, lib: /usr/lib/libOpenNI.so;libusb::libusb)
[4.928s] -- OpenNI2 found (version: 2.2.0.33, include: /usr/include/openni2, lib: /usr/lib/x86_64-linux-gnu/libOpenNI2.so;libusb::libusb)
[5.432s] -- Found Qhull version 8.0.2
[5.923s] -- OpenNI found (version: 1.5.4.0, include: /usr/include/ni, lib: /usr/lib/libOpenNI.so;libusb::libusb)
[6.409s] -- looking for PCL_COMMON
[6.411s] -- looking for PCL_KDTREE
[6.412s] -- looking for PCL_OCTREE
[6.414s] -- looking for PCL_SEARCH
[6.415s] -- looking for PCL_SAMPLE_CONSENSUS
[6.417s] -- looking for PCL_FILTERS
[6.419s] -- looking for PCL_2D
[6.420s] -- looking for PCL_GEOMETRY
[6.422s] -- looking for PCL_IO
[6.424s] -- looking for PCL_FEATURES
[6.426s] -- looking for PCL_ML
[6.427s] -- looking for PCL_SEGMENTATION
[6.430s] -- looking for PCL_VISUALIZATION
[6.431s] -- looking for PCL_SURFACE
[6.433s] -- looking for PCL_REGISTRATION
[6.435s] -- looking for PCL_KEYPOINTS
[6.438s] -- looking for PCL_TRACKING
[6.440s] -- looking for PCL_RECOGNITION
[6.442s] -- looking for PCL_STEREO
[6.444s] -- looking for PCL_APPS
[6.448s] -- looking for PCL_IN_HAND_SCANNER
[6.450s] -- looking for PCL_MODELER
[6.451s] -- looking for PCL_POINT_CLOUD_EDITOR
[6.452s] -- looking for PCL_OUTOFCORE
[6.454s] -- looking for PCL_PEOPLE
[6.464s] -- Found pcl_conversions: 2.4.0 (/opt/ros/humble/share/pcl_conversions/cmake)
[6.892s] -- Found cv_bridge: 3.2.1 (/opt/ros/humble/share/cv_bridge/cmake)
[7.433s] -- Configuring done
[7.620s] -- Generating done
[7.667s] -- Build files have been written to: /home/torben/Dev/orbslam_ros/build/orbslam3
[7.708s] Invoked command in '/home/torben/Dev/orbslam_ros/build/orbslam3' returned '0': CMAKE_PREFIX_PATH=${CMAKE_PREFIX_PATH}:/opt/ros/humble /usr/bin/cmake /home/torben/Dev/orbslam_ros/src/orbslam3_ros2 -DCMAKE_BUILD_TYPE=RelWithDebInfo -DAMENT_CMAKE_SYMLINK_INSTALL=1 -DCMAKE_INSTALL_PREFIX=/home/torben/Dev/orbslam_ros/install/orbslam3
[7.713s] Invoking command in '/home/torben/Dev/orbslam_ros/build/orbslam3': CMAKE_PREFIX_PATH=${CMAKE_PREFIX_PATH}:/opt/ros/humble /usr/bin/cmake --build /home/torben/Dev/orbslam_ros/build/orbslam3 -- -j12 -l12
[7.836s] [35m[1mConsolidate compiler generated dependencies of target rgbd[0m
[7.836s] [35m[1mConsolidate compiler generated dependencies of target stereo[0m
[7.836s] [35m[1mConsolidate compiler generated dependencies of target mono[0m
[7.844s] [35m[1mConsolidate compiler generated dependencies of target stereo-inertial[0m
[7.942s] [ 25%] Built target stereo
[7.946s] [ 50%] Built target mono
[7.959s] [ 75%] Built target rgbd
[7.976s] [100%] Built target stereo-inertial
[8.001s] Invoked command in '/home/torben/Dev/orbslam_ros/build/orbslam3' returned '0': CMAKE_PREFIX_PATH=${CMAKE_PREFIX_PATH}:/opt/ros/humble /usr/bin/cmake --build /home/torben/Dev/orbslam_ros/build/orbslam3 -- -j12 -l12
[8.144s] Invoking command in '/home/torben/Dev/orbslam_ros/build/orbslam3': CMAKE_PREFIX_PATH=${CMAKE_PREFIX_PATH}:/opt/ros/humble /usr/bin/cmake --install /home/torben/Dev/orbslam_ros/build/orbslam3
[8.161s] -- Install configuration: "RelWithDebInfo"
[8.163s] -- Execute custom install script
[8.165s] -- Up-to-date symlink: /home/torben/Dev/orbslam_ros/install/orbslam3/lib/orbslam3/mono
[8.165s] -- Up-to-date symlink: /home/torben/Dev/orbslam_ros/install/orbslam3/lib/orbslam3/rgbd
[8.166s] -- Up-to-date symlink: /home/torben/Dev/orbslam_ros/install/orbslam3/lib/orbslam3/stereo
[8.166s] -- Up-to-date symlink: /home/torben/Dev/orbslam_ros/install/orbslam3/lib/orbslam3/stereo-inertial
[8.167s] -- Up-to-date symlink: /home/torben/Dev/orbslam_ros/install/orbslam3/share/ament_index/resource_index/package_run_dependencies/orbslam3
[8.167s] -- Up-to-date symlink: /home/torben/Dev/orbslam_ros/install/orbslam3/share/ament_index/resource_index/parent_prefix_path/orbslam3
[8.169s] -- Up-to-date symlink: /home/torben/Dev/orbslam_ros/install/orbslam3/share/orbslam3/environment/ament_prefix_path.sh
[8.170s] -- Up-to-date symlink: /home/torben/Dev/orbslam_ros/install/orbslam3/share/orbslam3/environment/ament_prefix_path.dsv
[8.172s] -- Up-to-date symlink: /home/torben/Dev/orbslam_ros/install/orbslam3/share/orbslam3/environment/path.sh
[8.172s] -- Up-to-date symlink: /home/torben/Dev/orbslam_ros/install/orbslam3/share/orbslam3/environment/path.dsv
[8.174s] -- Up-to-date symlink: /home/torben/Dev/orbslam_ros/install/orbslam3/share/orbslam3/local_setup.bash
[8.175s] -- Up-to-date symlink: /home/torben/Dev/orbslam_ros/install/orbslam3/share/orbslam3/local_setup.sh
[8.176s] -- Up-to-date symlink: /home/torben/Dev/orbslam_ros/install/orbslam3/share/orbslam3/local_setup.zsh
[8.176s] -- Up-to-date symlink: /home/torben/Dev/orbslam_ros/install/orbslam3/share/orbslam3/local_setup.dsv
[8.177s] -- Symlinking: /home/torben/Dev/orbslam_ros/install/orbslam3/share/orbslam3/package.dsv
[8.208s] -- Up-to-date symlink: /home/torben/Dev/orbslam_ros/install/orbslam3/share/ament_index/resource_index/packages/orbslam3
[8.209s] -- Up-to-date symlink: /home/torben/Dev/orbslam_ros/install/orbslam3/share/orbslam3/cmake/orbslam3Config.cmake
[8.210s] -- Up-to-date symlink: /home/torben/Dev/orbslam_ros/install/orbslam3/share/orbslam3/cmake/orbslam3Config-version.cmake
[8.210s] -- Up-to-date symlink: /home/torben/Dev/orbslam_ros/install/orbslam3/share/orbslam3/package.xml
[8.217s] Invoked command in '/home/torben/Dev/orbslam_ros/build/orbslam3' returned '0': CMAKE_PREFIX_PATH=${CMAKE_PREFIX_PATH}:/opt/ros/humble /usr/bin/cmake --install /home/torben/Dev/orbslam_ros/build/orbslam3
