-- Found ament_cmake: 1.3.8 (/opt/ros/humble/share/ament_cmake/cmake)
-- Found rclcpp: 16.0.8 (/opt/ros/humble/share/rclcpp/cmake)
-- Found rosidl_generator_c: 3.1.5 (/opt/ros/humble/share/rosidl_generator_c/cmake)
-- Found rosidl_adapter: 3.1.5 (/opt/ros/humble/share/rosidl_adapter/cmake)
-- Found rosidl_generator_cpp: 3.1.5 (/opt/ros/humble/share/rosidl_generator_cpp/cmake)
-- Using all available rosidl_typesupport_c: rosidl_typesupport_fastrtps_c;rosidl_typesupport_introspection_c
-- Using all available rosidl_typesupport_cpp: rosidl_typesupport_fastrtps_cpp;rosidl_typesupport_introspection_cpp
-- Found rmw_implementation_cmake: 6.1.1 (/opt/ros/humble/share/rmw_implementation_cmake/cmake)
-- Found rmw_fastrtps_cpp: 6.2.6 (/opt/ros/humble/share/rmw_fastrtps_cpp/cmake)
-- Using RMW implementation 'rmw_fastrtps_cpp' as default
-- Found sensor_msgs: 4.2.3 (/opt/ros/humble/share/sensor_msgs/cmake)
-- Found cv_bridge: 3.2.1 (/opt/ros/humble/share/cv_bridge/cmake)
-- Found message_filters: 4.3.3 (/opt/ros/humble/share/message_filters/cmake)
-- Configuring done
-- Generating done
-- Build files have been written to: /home/torben/Dev/orbslam_ros/build/orbslam3
[35m[1mConsolidate compiler generated dependencies of target mono[0m
[35m[1mConsolidate compiler generated dependencies of target rgbd[0m
[35m[1mConsolidate compiler generated dependencies of target stereo-inertial[0m
[35m[1mConsolidate compiler generated dependencies of target stereo[0m
[ 16%] [32mBuilding CXX object CMakeFiles/mono.dir/src/monocular/monocular-slam-node.cpp.o[0m
[ 16%] [32mBuilding CXX object CMakeFiles/rgbd.dir/src/rgbd/rgbd-slam-node.cpp.o[0m
[ 41%] [32mBuilding CXX object CMakeFiles/mono.dir/src/monocular/mono.cpp.o[0m
[ 41%] [32mBuilding CXX object CMakeFiles/stereo.dir/src/stereo/stereo.cpp.o[0m
[ 41%] [32mBuilding CXX object CMakeFiles/rgbd.dir/src/rgbd/rgbd.cpp.o[0m
[ 50%] [32mBuilding CXX object CMakeFiles/stereo-inertial.dir/src/stereo-inertial/stereo-inertial.cpp.o[0m
[ 66%] [32mBuilding CXX object CMakeFiles/stereo-inertial.dir/src/stereo-inertial/stereo-inertial-node.cpp.o[0m
[ 66%] [32mBuilding CXX object CMakeFiles/stereo.dir/src/stereo/stereo-slam-node.cpp.o[0m
[ 75%] [32m[1mLinking CXX executable rgbd[0m
[ 75%] Built target rgbd
[ 83%] [32m[1mLinking CXX executable stereo-inertial[0m
[ 83%] Built target stereo-inertial
[ 91%] [32m[1mLinking CXX executable mono[0m
[ 91%] Built target mono
[100%] [32m[1mLinking CXX executable stereo[0m
[100%] Built target stereo
-- Install configuration: ""
-- Installing: /home/torben/Dev/orbslam_ros/install/orbslam3/lib/orbslam3/mono
-- Set runtime path of "/home/torben/Dev/orbslam_ros/install/orbslam3/lib/orbslam3/mono" to ""
-- Installing: /home/torben/Dev/orbslam_ros/install/orbslam3/lib/orbslam3/rgbd
-- Set runtime path of "/home/torben/Dev/orbslam_ros/install/orbslam3/lib/orbslam3/rgbd" to ""
-- Installing: /home/torben/Dev/orbslam_ros/install/orbslam3/lib/orbslam3/stereo
-- Set runtime path of "/home/torben/Dev/orbslam_ros/install/orbslam3/lib/orbslam3/stereo" to ""
-- Installing: /home/torben/Dev/orbslam_ros/install/orbslam3/lib/orbslam3/stereo-inertial
-- Set runtime path of "/home/torben/Dev/orbslam_ros/install/orbslam3/lib/orbslam3/stereo-inertial" to ""
-- Up-to-date: /home/torben/Dev/orbslam_ros/install/orbslam3/share/ament_index/resource_index/package_run_dependencies/orbslam3
-- Installing: /home/torben/Dev/orbslam_ros/install/orbslam3/share/ament_index/resource_index/parent_prefix_path/orbslam3
-- Up-to-date: /home/torben/Dev/orbslam_ros/install/orbslam3/share/orbslam3/environment/ament_prefix_path.sh
-- Installing: /home/torben/Dev/orbslam_ros/install/orbslam3/share/orbslam3/environment/ament_prefix_path.dsv
-- Up-to-date: /home/torben/Dev/orbslam_ros/install/orbslam3/share/orbslam3/environment/path.sh
-- Installing: /home/torben/Dev/orbslam_ros/install/orbslam3/share/orbslam3/environment/path.dsv
-- Up-to-date: /home/torben/Dev/orbslam_ros/install/orbslam3/share/orbslam3/local_setup.bash
-- Up-to-date: /home/torben/Dev/orbslam_ros/install/orbslam3/share/orbslam3/local_setup.sh
-- Up-to-date: /home/torben/Dev/orbslam_ros/install/orbslam3/share/orbslam3/local_setup.zsh
-- Installing: /home/torben/Dev/orbslam_ros/install/orbslam3/share/orbslam3/local_setup.dsv
-- Installing: /home/torben/Dev/orbslam_ros/install/orbslam3/share/orbslam3/package.dsv
-- Up-to-date: /home/torben/Dev/orbslam_ros/install/orbslam3/share/ament_index/resource_index/packages/orbslam3
-- Up-to-date: /home/torben/Dev/orbslam_ros/install/orbslam3/share/orbslam3/cmake/orbslam3Config.cmake
-- Up-to-date: /home/torben/Dev/orbslam_ros/install/orbslam3/share/orbslam3/cmake/orbslam3Config-version.cmake
-- Up-to-date: /home/torben/Dev/orbslam_ros/install/orbslam3/share/orbslam3/package.xml
