[0.165s] DEBUG:colcon:Command line arguments: ['/usr/bin/colcon', 'build', '--symlink-install', '--packages-select', 'orbslam3']
[0.165s] DEBUG:colcon:Parsed command line arguments: Namespace(log_base=None, log_level=None, verb_name='build', build_base='build', install_base='install', merge_install=False, symlink_install=True, test_result_base=None, continue_on_error=False, executor='parallel', parallel_workers=12, event_handlers=None, ignore_user_meta=False, metas=['./colcon.meta'], base_paths=['.'], packages_ignore=None, packages_ignore_regex=None, paths=None, packages_up_to=None, packages_up_to_regex=None, packages_above=None, packages_above_and_dependencies=None, packages_above_depth=None, packages_select_by_dep=None, packages_skip_by_dep=None, packages_skip_up_to=None, packages_select_build_failed=False, packages_skip_build_finished=False, packages_select_test_failures=False, packages_skip_test_passed=False, packages_select=['orbslam3'], packages_skip=None, packages_select_regex=None, packages_skip_regex=None, packages_start=None, packages_end=None, allow_overriding=[], cmake_args=None, cmake_target=None, cmake_target_skip_unavailable=False, cmake_clean_cache=False, cmake_clean_first=False, cmake_force_configure=False, ament_cmake_args=None, catkin_cmake_args=None, catkin_skip_building_tests=False, mixin_files=None, mixin=None, verb_parser=<colcon_mixin.mixin.mixin_argument.MixinArgumentDecorator object at 0x72d2229fee30>, verb_extension=<colcon_core.verb.build.BuildVerb object at 0x72d2229fe8c0>, main=<bound method BuildVerb.main of <colcon_core.verb.build.BuildVerb object at 0x72d2229fe8c0>>, mixin_verb=('build',))
[0.436s] Level 1:colcon.colcon_core.package_discovery:discover_packages(colcon_meta) check parameters
[0.436s] Level 1:colcon.colcon_core.package_discovery:discover_packages(recursive) check parameters
[0.437s] Level 1:colcon.colcon_core.package_discovery:discover_packages(ignore) check parameters
[0.437s] Level 1:colcon.colcon_core.package_discovery:discover_packages(path) check parameters
[0.437s] Level 1:colcon.colcon_core.package_discovery:discover_packages(colcon_meta) discover
[0.437s] Level 1:colcon.colcon_core.package_discovery:discover_packages(recursive) discover
[0.437s] INFO:colcon.colcon_core.package_discovery:Crawling recursively for packages in '/home/torben/Dev/orbslam_ros'
[0.437s] Level 1:colcon.colcon_core.package_identification:_identify(.) by extensions ['ignore', 'ignore_ament_install']
[0.437s] Level 1:colcon.colcon_core.package_identification:_identify(.) by extension 'ignore'
[0.437s] Level 1:colcon.colcon_core.package_identification:_identify(.) by extension 'ignore_ament_install'
[0.437s] Level 1:colcon.colcon_core.package_identification:_identify(.) by extensions ['colcon_pkg']
[0.437s] Level 1:colcon.colcon_core.package_identification:_identify(.) by extension 'colcon_pkg'
[0.438s] Level 1:colcon.colcon_core.package_identification:_identify(.) by extensions ['colcon_meta']
[0.438s] Level 1:colcon.colcon_core.package_identification:_identify(.) by extension 'colcon_meta'
[0.438s] Level 1:colcon.colcon_core.package_identification:_identify(.) by extensions ['ros']
[0.438s] Level 1:colcon.colcon_core.package_identification:_identify(.) by extension 'ros'
[0.455s] Level 1:colcon.colcon_core.package_identification:_identify(.) by extensions ['cmake', 'python']
[0.455s] Level 1:colcon.colcon_core.package_identification:_identify(.) by extension 'cmake'
[0.455s] Level 1:colcon.colcon_core.package_identification:_identify(.) by extension 'python'
[0.455s] Level 1:colcon.colcon_core.package_identification:_identify(.) by extensions ['python_setup_py']
[0.455s] Level 1:colcon.colcon_core.package_identification:_identify(.) by extension 'python_setup_py'
[0.455s] Level 1:colcon.colcon_core.package_identification:_identify(build) by extensions ['ignore', 'ignore_ament_install']
[0.455s] Level 1:colcon.colcon_core.package_identification:_identify(build) by extension 'ignore'
[0.455s] Level 1:colcon.colcon_core.package_identification:_identify(build) ignored
[0.456s] Level 1:colcon.colcon_core.package_identification:_identify(install) by extensions ['ignore', 'ignore_ament_install']
[0.456s] Level 1:colcon.colcon_core.package_identification:_identify(install) by extension 'ignore'
[0.456s] Level 1:colcon.colcon_core.package_identification:_identify(install) ignored
[0.456s] Level 1:colcon.colcon_core.package_identification:_identify(log) by extensions ['ignore', 'ignore_ament_install']
[0.456s] Level 1:colcon.colcon_core.package_identification:_identify(log) by extension 'ignore'
[0.456s] Level 1:colcon.colcon_core.package_identification:_identify(log) ignored
[0.456s] Level 1:colcon.colcon_core.package_identification:_identify(src) by extensions ['ignore', 'ignore_ament_install']
[0.457s] Level 1:colcon.colcon_core.package_identification:_identify(src) by extension 'ignore'
[0.457s] Level 1:colcon.colcon_core.package_identification:_identify(src) by extension 'ignore_ament_install'
[0.457s] Level 1:colcon.colcon_core.package_identification:_identify(src) by extensions ['colcon_pkg']
[0.457s] Level 1:colcon.colcon_core.package_identification:_identify(src) by extension 'colcon_pkg'
[0.457s] Level 1:colcon.colcon_core.package_identification:_identify(src) by extensions ['colcon_meta']
[0.457s] Level 1:colcon.colcon_core.package_identification:_identify(src) by extension 'colcon_meta'
[0.457s] Level 1:colcon.colcon_core.package_identification:_identify(src) by extensions ['ros']
[0.457s] Level 1:colcon.colcon_core.package_identification:_identify(src) by extension 'ros'
[0.457s] Level 1:colcon.colcon_core.package_identification:_identify(src) by extensions ['cmake', 'python']
[0.457s] Level 1:colcon.colcon_core.package_identification:_identify(src) by extension 'cmake'
[0.457s] Level 1:colcon.colcon_core.package_identification:_identify(src) by extension 'python'
[0.457s] Level 1:colcon.colcon_core.package_identification:_identify(src) by extensions ['python_setup_py']
[0.457s] Level 1:colcon.colcon_core.package_identification:_identify(src) by extension 'python_setup_py'
[0.458s] Level 1:colcon.colcon_core.package_identification:_identify(src/orbslam3_ros2) by extensions ['ignore', 'ignore_ament_install']
[0.458s] Level 1:colcon.colcon_core.package_identification:_identify(src/orbslam3_ros2) by extension 'ignore'
[0.458s] Level 1:colcon.colcon_core.package_identification:_identify(src/orbslam3_ros2) by extension 'ignore_ament_install'
[0.458s] Level 1:colcon.colcon_core.package_identification:_identify(src/orbslam3_ros2) by extensions ['colcon_pkg']
[0.458s] Level 1:colcon.colcon_core.package_identification:_identify(src/orbslam3_ros2) by extension 'colcon_pkg'
[0.458s] Level 1:colcon.colcon_core.package_identification:_identify(src/orbslam3_ros2) by extensions ['colcon_meta']
[0.458s] Level 1:colcon.colcon_core.package_identification:_identify(src/orbslam3_ros2) by extension 'colcon_meta'
[0.458s] Level 1:colcon.colcon_core.package_identification:_identify(src/orbslam3_ros2) by extensions ['ros']
[0.458s] Level 1:colcon.colcon_core.package_identification:_identify(src/orbslam3_ros2) by extension 'ros'
[0.462s] DEBUG:colcon.colcon_core.package_identification:Package 'src/orbslam3_ros2' with type 'ros.ament_cmake' and name 'orbslam3'
[0.462s] Level 1:colcon.colcon_core.package_discovery:discover_packages(recursive) using defaults
[0.462s] Level 1:colcon.colcon_core.package_discovery:discover_packages(ignore) discover
[0.462s] Level 1:colcon.colcon_core.package_discovery:discover_packages(ignore) using defaults
[0.463s] Level 1:colcon.colcon_core.package_discovery:discover_packages(path) discover
[0.463s] Level 1:colcon.colcon_core.package_discovery:discover_packages(path) using defaults
[0.511s] Level 1:colcon.colcon_core.package_discovery:discover_packages(prefix_path) check parameters
[0.511s] Level 1:colcon.colcon_core.package_discovery:discover_packages(prefix_path) discover
[0.513s] DEBUG:colcon.colcon_installed_package_information.package_discovery:Found 1 installed packages in /home/torben/Dev/orbslam_ros/install
[0.516s] DEBUG:colcon.colcon_installed_package_information.package_discovery:Found 357 installed packages in /opt/ros/humble
[0.518s] Level 1:colcon.colcon_core.package_discovery:discover_packages(prefix_path) using defaults
[0.576s] Level 5:colcon.colcon_core.verb:set package 'orbslam3' build argument 'cmake_args' from command line to 'None'
[0.577s] Level 5:colcon.colcon_core.verb:set package 'orbslam3' build argument 'cmake_target' from command line to 'None'
[0.577s] Level 5:colcon.colcon_core.verb:set package 'orbslam3' build argument 'cmake_target_skip_unavailable' from command line to 'False'
[0.577s] Level 5:colcon.colcon_core.verb:set package 'orbslam3' build argument 'cmake_clean_cache' from command line to 'False'
[0.577s] Level 5:colcon.colcon_core.verb:set package 'orbslam3' build argument 'cmake_clean_first' from command line to 'False'
[0.577s] Level 5:colcon.colcon_core.verb:set package 'orbslam3' build argument 'cmake_force_configure' from command line to 'False'
[0.577s] Level 5:colcon.colcon_core.verb:set package 'orbslam3' build argument 'ament_cmake_args' from command line to 'None'
[0.577s] Level 5:colcon.colcon_core.verb:set package 'orbslam3' build argument 'catkin_cmake_args' from command line to 'None'
[0.577s] Level 5:colcon.colcon_core.verb:set package 'orbslam3' build argument 'catkin_skip_building_tests' from command line to 'False'
[0.577s] DEBUG:colcon.colcon_core.verb:Building package 'orbslam3' with the following arguments: {'ament_cmake_args': None, 'build_base': '/home/torben/Dev/orbslam_ros/build/orbslam3', 'catkin_cmake_args': None, 'catkin_skip_building_tests': False, 'cmake_args': None, 'cmake_clean_cache': False, 'cmake_clean_first': False, 'cmake_force_configure': False, 'cmake_target': None, 'cmake_target_skip_unavailable': False, 'install_base': '/home/torben/Dev/orbslam_ros/install/orbslam3', 'merge_install': False, 'path': '/home/torben/Dev/orbslam_ros/src/orbslam3_ros2', 'symlink_install': True, 'test_result_base': None}
[0.577s] INFO:colcon.colcon_core.executor:Executing jobs using 'parallel' executor
[0.578s] DEBUG:colcon.colcon_parallel_executor.executor.parallel:run_until_complete
[0.579s] INFO:colcon.colcon_ros.task.ament_cmake.build:Building ROS package in '/home/torben/Dev/orbslam_ros/src/orbslam3_ros2' with build type 'ament_cmake'
[0.579s] INFO:colcon.colcon_cmake.task.cmake.build:Building CMake package in '/home/torben/Dev/orbslam_ros/src/orbslam3_ros2'
[0.581s] INFO:colcon.colcon_core.plugin_system:Skipping extension 'colcon_core.shell.bat': Not used on non-Windows systems
[0.582s] INFO:colcon.colcon_core.shell:Skip shell extension 'powershell' for command environment: Not usable outside of PowerShell
[0.582s] DEBUG:colcon.colcon_core.shell:Skip shell extension 'dsv' for command environment
[0.596s] DEBUG:colcon.colcon_core.event_handler.log_command:Invoking command in '/home/torben/Dev/orbslam_ros/build/orbslam3': CMAKE_PREFIX_PATH=${CMAKE_PREFIX_PATH}:/opt/ros/humble /usr/bin/cmake --build /home/torben/Dev/orbslam_ros/build/orbslam3 -- -j12 -l12
[34.101s] DEBUG:colcon.colcon_core.event_handler.log_command:Invoked command in '/home/torben/Dev/orbslam_ros/build/orbslam3' returned '0': CMAKE_PREFIX_PATH=${CMAKE_PREFIX_PATH}:/opt/ros/humble /usr/bin/cmake --build /home/torben/Dev/orbslam_ros/build/orbslam3 -- -j12 -l12
[34.142s] DEBUG:colcon.colcon_core.event_handler.log_command:Invoking command in '/home/torben/Dev/orbslam_ros/build/orbslam3': CMAKE_PREFIX_PATH=${CMAKE_PREFIX_PATH}:/opt/ros/humble /usr/bin/cmake --install /home/torben/Dev/orbslam_ros/build/orbslam3
[34.159s] Level 1:colcon.colcon_core.environment:create_environment_scripts_only(orbslam3)
[34.160s] DEBUG:colcon.colcon_core.event_handler.log_command:Invoked command in '/home/torben/Dev/orbslam_ros/build/orbslam3' returned '0': CMAKE_PREFIX_PATH=${CMAKE_PREFIX_PATH}:/opt/ros/humble /usr/bin/cmake --install /home/torben/Dev/orbslam_ros/build/orbslam3
[34.163s] Level 1:colcon.colcon_core.environment:checking '/home/torben/Dev/orbslam_ros/install/orbslam3' for CMake module files
[34.164s] Level 1:colcon.colcon_core.environment:checking '/home/torben/Dev/orbslam_ros/install/orbslam3' for CMake config files
[34.164s] Level 1:colcon.colcon_core.shell:create_environment_hook('orbslam3', 'cmake_prefix_path')
[34.165s] INFO:colcon.colcon_core.shell:Creating environment hook '/home/torben/Dev/orbslam_ros/install/orbslam3/share/orbslam3/hook/cmake_prefix_path.ps1'
[34.165s] INFO:colcon.colcon_core.shell:Creating environment descriptor '/home/torben/Dev/orbslam_ros/install/orbslam3/share/orbslam3/hook/cmake_prefix_path.dsv'
[34.166s] INFO:colcon.colcon_core.shell:Creating environment hook '/home/torben/Dev/orbslam_ros/install/orbslam3/share/orbslam3/hook/cmake_prefix_path.sh'
[34.167s] Level 1:colcon.colcon_core.environment:checking '/home/torben/Dev/orbslam_ros/install/orbslam3/lib'
[34.167s] Level 1:colcon.colcon_core.environment:checking '/home/torben/Dev/orbslam_ros/install/orbslam3/bin'
[34.167s] Level 1:colcon.colcon_core.environment:checking '/home/torben/Dev/orbslam_ros/install/orbslam3/lib/pkgconfig/orbslam3.pc'
[34.168s] Level 1:colcon.colcon_core.environment:checking '/home/torben/Dev/orbslam_ros/install/orbslam3/lib/python3.10/site-packages'
[34.168s] Level 1:colcon.colcon_core.environment:checking '/home/torben/Dev/orbslam_ros/install/orbslam3/bin'
[34.168s] INFO:colcon.colcon_core.shell:Creating package script '/home/torben/Dev/orbslam_ros/install/orbslam3/share/orbslam3/package.ps1'
[34.169s] INFO:colcon.colcon_core.shell:Creating package descriptor '/home/torben/Dev/orbslam_ros/install/orbslam3/share/orbslam3/package.dsv'
[34.170s] INFO:colcon.colcon_core.shell:Creating package script '/home/torben/Dev/orbslam_ros/install/orbslam3/share/orbslam3/package.sh'
[34.171s] INFO:colcon.colcon_core.shell:Creating package script '/home/torben/Dev/orbslam_ros/install/orbslam3/share/orbslam3/package.bash'
[34.172s] INFO:colcon.colcon_core.shell:Creating package script '/home/torben/Dev/orbslam_ros/install/orbslam3/share/orbslam3/package.zsh'
[34.173s] Level 1:colcon.colcon_core.environment:create_file_with_runtime_dependencies(/home/torben/Dev/orbslam_ros/install/orbslam3/share/colcon-core/packages/orbslam3)
[34.225s] Level 1:colcon.colcon_core.environment:create_environment_scripts_only(orbslam3)
[34.225s] Level 1:colcon.colcon_core.environment:checking '/home/torben/Dev/orbslam_ros/install/orbslam3' for CMake module files
[34.226s] Level 1:colcon.colcon_core.environment:checking '/home/torben/Dev/orbslam_ros/install/orbslam3' for CMake config files
[34.226s] Level 1:colcon.colcon_core.shell:create_environment_hook('orbslam3', 'cmake_prefix_path')
[34.226s] INFO:colcon.colcon_core.shell:Creating environment hook '/home/torben/Dev/orbslam_ros/install/orbslam3/share/orbslam3/hook/cmake_prefix_path.ps1'
[34.227s] INFO:colcon.colcon_core.shell:Creating environment descriptor '/home/torben/Dev/orbslam_ros/install/orbslam3/share/orbslam3/hook/cmake_prefix_path.dsv'
[34.228s] INFO:colcon.colcon_core.shell:Creating environment hook '/home/torben/Dev/orbslam_ros/install/orbslam3/share/orbslam3/hook/cmake_prefix_path.sh'
[34.228s] Level 1:colcon.colcon_core.environment:checking '/home/torben/Dev/orbslam_ros/install/orbslam3/lib'
[34.228s] Level 1:colcon.colcon_core.environment:checking '/home/torben/Dev/orbslam_ros/install/orbslam3/bin'
[34.228s] Level 1:colcon.colcon_core.environment:checking '/home/torben/Dev/orbslam_ros/install/orbslam3/lib/pkgconfig/orbslam3.pc'
[34.229s] Level 1:colcon.colcon_core.environment:checking '/home/torben/Dev/orbslam_ros/install/orbslam3/lib/python3.10/site-packages'
[34.229s] Level 1:colcon.colcon_core.environment:checking '/home/torben/Dev/orbslam_ros/install/orbslam3/bin'
[34.230s] INFO:colcon.colcon_core.shell:Creating package script '/home/torben/Dev/orbslam_ros/install/orbslam3/share/orbslam3/package.ps1'
[34.230s] INFO:colcon.colcon_core.shell:Creating package descriptor '/home/torben/Dev/orbslam_ros/install/orbslam3/share/orbslam3/package.dsv'
[34.231s] INFO:colcon.colcon_core.shell:Creating package script '/home/torben/Dev/orbslam_ros/install/orbslam3/share/orbslam3/package.sh'
[34.231s] INFO:colcon.colcon_core.shell:Creating package script '/home/torben/Dev/orbslam_ros/install/orbslam3/share/orbslam3/package.bash'
[34.232s] INFO:colcon.colcon_core.shell:Creating package script '/home/torben/Dev/orbslam_ros/install/orbslam3/share/orbslam3/package.zsh'
[34.232s] Level 1:colcon.colcon_core.environment:create_file_with_runtime_dependencies(/home/torben/Dev/orbslam_ros/install/orbslam3/share/colcon-core/packages/orbslam3)
[34.233s] DEBUG:colcon.colcon_parallel_executor.executor.parallel:closing loop
[34.233s] DEBUG:colcon.colcon_parallel_executor.executor.parallel:loop closed
[34.233s] DEBUG:colcon.colcon_parallel_executor.executor.parallel:run_until_complete finished with '0'
[34.234s] DEBUG:colcon.colcon_core.event_reactor:joining thread
[34.242s] INFO:colcon.colcon_core.plugin_system:Skipping extension 'colcon_notification.desktop_notification.terminal_notifier': Not used on non-Darwin systems
[34.242s] INFO:colcon.colcon_core.plugin_system:Skipping extension 'colcon_notification.desktop_notification.win32': Not used on non-Windows systems
[34.243s] INFO:colcon.colcon_notification.desktop_notification:Sending desktop notification using 'notify2'
[34.261s] DEBUG:colcon.colcon_core.event_reactor:joined thread
[34.262s] INFO:colcon.colcon_core.shell:Creating prefix script '/home/torben/Dev/orbslam_ros/install/local_setup.ps1'
[34.263s] INFO:colcon.colcon_core.shell:Creating prefix util module '/home/torben/Dev/orbslam_ros/install/_local_setup_util_ps1.py'
[34.265s] INFO:colcon.colcon_core.shell:Creating prefix chain script '/home/torben/Dev/orbslam_ros/install/setup.ps1'
[34.267s] INFO:colcon.colcon_core.shell:Creating prefix script '/home/torben/Dev/orbslam_ros/install/local_setup.sh'
[34.268s] INFO:colcon.colcon_core.shell:Creating prefix util module '/home/torben/Dev/orbslam_ros/install/_local_setup_util_sh.py'
[34.268s] INFO:colcon.colcon_core.shell:Creating prefix chain script '/home/torben/Dev/orbslam_ros/install/setup.sh'
[34.270s] INFO:colcon.colcon_core.shell:Creating prefix script '/home/torben/Dev/orbslam_ros/install/local_setup.bash'
[34.271s] INFO:colcon.colcon_core.shell:Creating prefix chain script '/home/torben/Dev/orbslam_ros/install/setup.bash'
[34.272s] INFO:colcon.colcon_core.shell:Creating prefix script '/home/torben/Dev/orbslam_ros/install/local_setup.zsh'
[34.273s] INFO:colcon.colcon_core.shell:Creating prefix chain script '/home/torben/Dev/orbslam_ros/install/setup.zsh'
