[0.048s] Invoking command in '/home/torben/Dev/orbslam_ros/build/orbslam3': CMAKE_PREFIX_PATH=${CMAKE_PREFIX_PATH}:/opt/ros/humble /usr/bin/cmake --build /home/torben/Dev/orbslam_ros/build/orbslam3 -- -j12 -l12
[0.336s] [ 25%] Built target stereo
[0.340s] [ 50%] Built target rgbd
[0.362s] [ 75%] Built target mono
[0.365s] [100%] Built target stereo-inertial
[0.394s] Invoked command in '/home/torben/Dev/orbslam_ros/build/orbslam3' returned '0': CMAKE_PREFIX_PATH=${CMAKE_PREFIX_PATH}:/opt/ros/humble /usr/bin/cmake --build /home/torben/Dev/orbslam_ros/build/orbslam3 -- -j12 -l12
[0.577s] Invoking command in '/home/torben/Dev/orbslam_ros/build/orbslam3': CMAKE_PREFIX_PATH=${CMAKE_PREFIX_PATH}:/opt/ros/humble /usr/bin/cmake --install /home/torben/Dev/orbslam_ros/build/orbslam3
[0.599s] -- Install configuration: "RelWithDebInfo"
[0.599s] -- Execute custom install script
[0.600s] -- Up-to-date symlink: /home/torben/Dev/orbslam_ros/install/orbslam3/lib/orbslam3/mono
[0.600s] -- Up-to-date symlink: /home/torben/Dev/orbslam_ros/install/orbslam3/lib/orbslam3/rgbd
[0.601s] -- Up-to-date symlink: /home/torben/Dev/orbslam_ros/install/orbslam3/lib/orbslam3/stereo
[0.601s] -- Up-to-date symlink: /home/torben/Dev/orbslam_ros/install/orbslam3/lib/orbslam3/stereo-inertial
[0.602s] -- Up-to-date symlink: /home/torben/Dev/orbslam_ros/install/orbslam3/share/ament_index/resource_index/package_run_dependencies/orbslam3
[0.602s] -- Up-to-date symlink: /home/torben/Dev/orbslam_ros/install/orbslam3/share/ament_index/resource_index/parent_prefix_path/orbslam3
[0.602s] -- Up-to-date symlink: /home/torben/Dev/orbslam_ros/install/orbslam3/share/orbslam3/environment/ament_prefix_path.sh
[0.603s] -- Up-to-date symlink: /home/torben/Dev/orbslam_ros/install/orbslam3/share/orbslam3/environment/ament_prefix_path.dsv
[0.603s] -- Up-to-date symlink: /home/torben/Dev/orbslam_ros/install/orbslam3/share/orbslam3/environment/path.sh
[0.603s] -- Up-to-date symlink: /home/torben/Dev/orbslam_ros/install/orbslam3/share/orbslam3/environment/path.dsv
[0.603s] -- Up-to-date symlink: /home/torben/Dev/orbslam_ros/install/orbslam3/share/orbslam3/local_setup.bash
[0.604s] -- Up-to-date symlink: /home/torben/Dev/orbslam_ros/install/orbslam3/share/orbslam3/local_setup.sh
[0.608s] -- Up-to-date symlink: /home/torben/Dev/orbslam_ros/install/orbslam3/share/orbslam3/local_setup.zsh
[0.609s] -- Up-to-date symlink: /home/torben/Dev/orbslam_ros/install/orbslam3/share/orbslam3/local_setup.dsv
[0.610s] -- Symlinking: /home/torben/Dev/orbslam_ros/install/orbslam3/share/orbslam3/package.dsv
[0.625s] -- Up-to-date symlink: /home/torben/Dev/orbslam_ros/install/orbslam3/share/ament_index/resource_index/packages/orbslam3
[0.626s] -- Up-to-date symlink: /home/torben/Dev/orbslam_ros/install/orbslam3/share/orbslam3/cmake/orbslam3Config.cmake
[0.626s] -- Up-to-date symlink: /home/torben/Dev/orbslam_ros/install/orbslam3/share/orbslam3/cmake/orbslam3Config-version.cmake
[0.626s] -- Up-to-date symlink: /home/torben/Dev/orbslam_ros/install/orbslam3/share/orbslam3/package.xml
[0.643s] Invoked command in '/home/torben/Dev/orbslam_ros/build/orbslam3' returned '0': CMAKE_PREFIX_PATH=${CMAKE_PREFIX_PATH}:/opt/ros/humble /usr/bin/cmake --install /home/torben/Dev/orbslam_ros/build/orbslam3
