[35m[1mConsolidate compiler generated dependencies of target stereo-inertial[0m
[ 25%] Built target rgbd
[ 50%] Built target mono
[ 75%] Built target stereo
[ 83%] [32mBuilding CXX object CMakeFiles/stereo-inertial.dir/src/stereo-inertial/stereo-inertial-node.cpp.o[0m
[ 91%] [32m[1mLinking CXX executable stereo-inertial[0m
[100%] Built target stereo-inertial
-- Install configuration: ""
-- Execute custom install script
-- Symlinking: /home/torben/Dev/orbslam_ros/install/orbslam3/lib/orbslam3/mono
-- Symlinking: /home/torben/Dev/orbslam_ros/install/orbslam3/lib/orbslam3/rgbd
-- Symlinking: /home/torben/Dev/orbslam_ros/install/orbslam3/lib/orbslam3/stereo
-- Symlinking: /home/torben/Dev/orbslam_ros/install/orbslam3/lib/orbslam3/stereo-inertial
-- Symlinking: /home/torben/Dev/orbslam_ros/install/orbslam3/share/ament_index/resource_index/package_run_dependencies/orbslam3
-- Symlinking: /home/torben/Dev/orbslam_ros/install/orbslam3/share/ament_index/resource_index/parent_prefix_path/orbslam3
-- Symlinking: /home/torben/Dev/orbslam_ros/install/orbslam3/share/orbslam3/environment/ament_prefix_path.sh
-- Symlinking: /home/torben/Dev/orbslam_ros/install/orbslam3/share/orbslam3/environment/ament_prefix_path.dsv
-- Symlinking: /home/torben/Dev/orbslam_ros/install/orbslam3/share/orbslam3/environment/path.sh
-- Symlinking: /home/torben/Dev/orbslam_ros/install/orbslam3/share/orbslam3/environment/path.dsv
-- Symlinking: /home/torben/Dev/orbslam_ros/install/orbslam3/share/orbslam3/local_setup.bash
-- Symlinking: /home/torben/Dev/orbslam_ros/install/orbslam3/share/orbslam3/local_setup.sh
-- Symlinking: /home/torben/Dev/orbslam_ros/install/orbslam3/share/orbslam3/local_setup.zsh
-- Symlinking: /home/torben/Dev/orbslam_ros/install/orbslam3/share/orbslam3/local_setup.dsv
-- Symlinking: /home/torben/Dev/orbslam_ros/install/orbslam3/share/orbslam3/package.dsv
-- Symlinking: /home/torben/Dev/orbslam_ros/install/orbslam3/share/ament_index/resource_index/packages/orbslam3
-- Symlinking: /home/torben/Dev/orbslam_ros/install/orbslam3/share/orbslam3/cmake/orbslam3Config.cmake
-- Symlinking: /home/torben/Dev/orbslam_ros/install/orbslam3/share/orbslam3/cmake/orbslam3Config-version.cmake
-- Symlinking: /home/torben/Dev/orbslam_ros/install/orbslam3/share/orbslam3/package.xml
